mode: set
github.com/edatts/go-payment-system/pkg/api/server.go:24.54,29.2 1 0
github.com/edatts/go-payment-system/pkg/api/server.go:31.30,40.2 5 0
github.com/edatts/go-payment-system/cmd/auth/main.go:12.13,23.16 3 0
github.com/edatts/go-payment-system/cmd/auth/main.go:23.16,25.3 1 0
github.com/edatts/go-payment-system/cmd/auth/main.go:27.2,28.37 2 0
github.com/edatts/go-payment-system/cmd/auth/main.go:28.37,30.3 1 0
github.com/edatts/go-payment-system/cmd/payments/main.go:5.14,7.2 0 0
github.com/edatts/go-payment-system/pkg/config/config.go:16.41,18.2 1 0
github.com/edatts/go-payment-system/pkg/config/config.go:22.29,30.2 1 0
github.com/edatts/go-payment-system/pkg/config/config.go:32.56,33.45 1 0
github.com/edatts/go-payment-system/pkg/config/config.go:33.45,35.3 1 0
github.com/edatts/go-payment-system/pkg/config/config.go:36.2,36.14 1 0
github.com/edatts/go-payment-system/pkg/db/db.go:12.67,17.16 3 0
github.com/edatts/go-payment-system/pkg/db/db.go:17.16,19.3 1 0
github.com/edatts/go-payment-system/pkg/db/db.go:21.2,21.18 1 0
github.com/edatts/go-payment-system/pkg/api/payments/routes.go:11.28,13.2 1 0
github.com/edatts/go-payment-system/pkg/api/payments/routes.go:15.54,19.2 3 0
github.com/edatts/go-payment-system/pkg/api/payments/routes.go:21.77,23.2 0 0
github.com/edatts/go-payment-system/pkg/api/payments/routes.go:25.78,27.2 0 0
github.com/edatts/go-payment-system/pkg/api/payments/routes.go:29.73,31.2 0 0
github.com/edatts/go-payment-system/pkg/utils/utils.go:13.54,14.21 1 0
github.com/edatts/go-payment-system/pkg/utils/utils.go:14.21,16.3 1 0
github.com/edatts/go-payment-system/pkg/utils/utils.go:18.2,18.60 1 0
github.com/edatts/go-payment-system/pkg/utils/utils.go:18.60,20.3 1 0
github.com/edatts/go-payment-system/pkg/utils/utils.go:22.2,22.12 1 0
github.com/edatts/go-payment-system/pkg/utils/utils.go:25.65,29.54 3 0
github.com/edatts/go-payment-system/pkg/utils/utils.go:29.54,31.3 1 0
github.com/edatts/go-payment-system/pkg/utils/utils.go:33.2,33.12 1 0
github.com/edatts/go-payment-system/pkg/utils/utils.go:36.53,38.2 1 0
github.com/edatts/go-payment-system/pkg/utils/utils.go:40.70,42.2 1 0
github.com/edatts/go-payment-system/pkg/api/auth/errors.go:7.40,9.2 1 0
github.com/edatts/go-payment-system/pkg/api/auth/errors.go:11.44,13.2 1 1
github.com/edatts/go-payment-system/pkg/api/auth/password.go:9.52,11.16 2 1
github.com/edatts/go-payment-system/pkg/api/auth/password.go:11.16,13.3 1 0
github.com/edatts/go-payment-system/pkg/api/auth/password.go:15.2,15.26 1 1
github.com/edatts/go-payment-system/pkg/api/auth/routes.go:19.49,23.2 1 1
github.com/edatts/go-payment-system/pkg/api/auth/routes.go:25.54,28.2 2 0
github.com/edatts/go-payment-system/pkg/api/auth/routes.go:30.75,32.2 0 0
github.com/edatts/go-payment-system/pkg/api/auth/routes.go:34.77,38.69 2 1
github.com/edatts/go-payment-system/pkg/api/auth/routes.go:38.69,42.3 3 0
github.com/edatts/go-payment-system/pkg/api/auth/routes.go:45.2,45.64 1 1
github.com/edatts/go-payment-system/pkg/api/auth/routes.go:45.64,50.3 4 1
github.com/edatts/go-payment-system/pkg/api/auth/routes.go:55.2,56.16 2 1
github.com/edatts/go-payment-system/pkg/api/auth/routes.go:56.16,59.3 2 0
github.com/edatts/go-payment-system/pkg/api/auth/routes.go:61.2,61.36 1 1
github.com/edatts/go-payment-system/pkg/api/auth/routes.go:61.36,65.3 3 0
github.com/edatts/go-payment-system/pkg/api/auth/routes.go:67.2,68.16 2 1
github.com/edatts/go-payment-system/pkg/api/auth/routes.go:68.16,72.3 3 0
github.com/edatts/go-payment-system/pkg/api/auth/routes.go:74.2,82.49 2 1
github.com/edatts/go-payment-system/pkg/api/auth/routes.go:82.49,85.3 2 0
github.com/edatts/go-payment-system/pkg/api/auth/routes.go:87.2,87.69 1 1
github.com/edatts/go-payment-system/pkg/api/auth/routes.go:87.69,89.3 1 0
github.com/edatts/go-payment-system/pkg/api/auth/store.go:15.36,19.2 1 0
github.com/edatts/go-payment-system/pkg/api/auth/store.go:21.67,26.138 3 0
github.com/edatts/go-payment-system/pkg/api/auth/store.go:26.138,28.3 1 0
github.com/edatts/go-payment-system/pkg/api/auth/store.go:30.2,30.18 1 0
github.com/edatts/go-payment-system/pkg/api/auth/store.go:33.52,36.2 1 0
github.com/edatts/go-payment-system/pkg/api/auth/store.go:38.61,41.2 1 0
github.com/edatts/go-payment-system/pkg/utils/utils.go:13.54,14.21 1 1
github.com/edatts/go-payment-system/pkg/utils/utils.go:14.21,16.3 1 0
github.com/edatts/go-payment-system/pkg/utils/utils.go:18.2,18.60 1 1
github.com/edatts/go-payment-system/pkg/utils/utils.go:18.60,20.3 1 0
github.com/edatts/go-payment-system/pkg/utils/utils.go:22.2,22.12 1 1
github.com/edatts/go-payment-system/pkg/utils/utils.go:25.65,29.54 3 1
github.com/edatts/go-payment-system/pkg/utils/utils.go:29.54,31.3 1 0
github.com/edatts/go-payment-system/pkg/utils/utils.go:33.2,33.12 1 1
github.com/edatts/go-payment-system/pkg/utils/utils.go:36.53,38.2 1 0
github.com/edatts/go-payment-system/pkg/utils/utils.go:40.70,42.2 1 1
