mode: set
github.com/edatts/go-payment-system/cmd/auth/main.go:12.13,23.16 3 0
github.com/edatts/go-payment-system/cmd/auth/main.go:23.16,25.3 1 0
github.com/edatts/go-payment-system/cmd/auth/main.go:27.2,28.37 2 0
github.com/edatts/go-payment-system/cmd/auth/main.go:28.37,30.3 1 0
github.com/edatts/go-payment-system/cmd/migrate/main.go:15.13,18.16 2 0
github.com/edatts/go-payment-system/cmd/migrate/main.go:18.16,20.3 1 0
github.com/edatts/go-payment-system/cmd/migrate/main.go:22.2,23.16 2 0
github.com/edatts/go-payment-system/cmd/migrate/main.go:23.16,25.3 1 0
github.com/edatts/go-payment-system/cmd/migrate/main.go:27.2,28.16 2 0
github.com/edatts/go-payment-system/cmd/migrate/main.go:28.16,30.3 1 0
github.com/edatts/go-payment-system/cmd/migrate/main.go:32.2,32.33 1 0
github.com/edatts/go-payment-system/cmd/migrate/main.go:33.12,34.32 1 0
github.com/edatts/go-payment-system/cmd/migrate/main.go:34.32,36.4 1 0
github.com/edatts/go-payment-system/cmd/migrate/main.go:37.14,38.34 1 0
github.com/edatts/go-payment-system/cmd/migrate/main.go:38.34,40.4 1 0
github.com/edatts/go-payment-system/cmd/migrate/main.go:41.10,42.73 1 0
github.com/edatts/go-payment-system/pkg/api/server.go:24.54,29.2 1 0
github.com/edatts/go-payment-system/pkg/api/server.go:31.30,40.2 5 0
github.com/edatts/go-payment-system/cmd/payments/main.go:12.13,18.16 3 0
github.com/edatts/go-payment-system/cmd/payments/main.go:18.16,20.3 1 0
github.com/edatts/go-payment-system/cmd/payments/main.go:22.2,23.37 2 0
github.com/edatts/go-payment-system/cmd/payments/main.go:23.37,25.3 1 0
github.com/edatts/go-payment-system/pkg/config/config.go:22.13,34.27 2 0
github.com/edatts/go-payment-system/pkg/config/config.go:34.28,36.3 0 0
github.com/edatts/go-payment-system/pkg/config/config.go:47.41,49.2 1 0
github.com/edatts/go-payment-system/pkg/config/config.go:53.29,61.2 1 0
github.com/edatts/go-payment-system/pkg/config/config.go:73.56,74.45 1 0
github.com/edatts/go-payment-system/pkg/config/config.go:74.45,76.3 1 0
github.com/edatts/go-payment-system/pkg/config/config.go:77.2,77.14 1 0
github.com/edatts/go-payment-system/pkg/config/config.go:80.54,81.42 1 0
github.com/edatts/go-payment-system/pkg/config/config.go:81.42,83.17 2 0
github.com/edatts/go-payment-system/pkg/config/config.go:83.17,86.4 2 0
github.com/edatts/go-payment-system/pkg/config/config.go:88.3,88.15 1 0
github.com/edatts/go-payment-system/pkg/config/config.go:91.2,91.21 1 0
github.com/edatts/go-payment-system/pkg/db/db.go:12.67,17.16 3 0
github.com/edatts/go-payment-system/pkg/db/db.go:17.16,19.3 1 0
github.com/edatts/go-payment-system/pkg/db/db.go:21.2,21.18 1 0
github.com/edatts/go-payment-system/pkg/utils/utils.go:13.54,14.21 1 0
github.com/edatts/go-payment-system/pkg/utils/utils.go:14.21,16.3 1 0
github.com/edatts/go-payment-system/pkg/utils/utils.go:18.2,18.60 1 0
github.com/edatts/go-payment-system/pkg/utils/utils.go:18.60,20.3 1 0
github.com/edatts/go-payment-system/pkg/utils/utils.go:22.2,22.12 1 0
github.com/edatts/go-payment-system/pkg/utils/utils.go:25.65,29.54 3 0
github.com/edatts/go-payment-system/pkg/utils/utils.go:29.54,31.3 1 0
github.com/edatts/go-payment-system/pkg/utils/utils.go:33.2,33.12 1 0
github.com/edatts/go-payment-system/pkg/utils/utils.go:36.53,38.2 1 0
github.com/edatts/go-payment-system/pkg/utils/utils.go:40.70,42.2 1 0
github.com/edatts/go-payment-system/pkg/api/payments/errors.go:7.44,9.2 1 0
github.com/edatts/go-payment-system/pkg/api/payments/routes.go:20.53,24.2 1 0
github.com/edatts/go-payment-system/pkg/api/payments/routes.go:26.54,30.2 3 0
github.com/edatts/go-payment-system/pkg/api/payments/routes.go:32.76,36.9 2 0
github.com/edatts/go-payment-system/pkg/api/payments/routes.go:36.9,40.3 3 0
github.com/edatts/go-payment-system/pkg/api/payments/routes.go:42.2,43.64 2 0
github.com/edatts/go-payment-system/pkg/api/payments/routes.go:43.64,47.3 3 0
github.com/edatts/go-payment-system/pkg/api/payments/routes.go:49.2,49.58 1 0
github.com/edatts/go-payment-system/pkg/api/payments/routes.go:49.58,54.3 4 0
github.com/edatts/go-payment-system/pkg/api/payments/routes.go:57.2,58.50 2 0
github.com/edatts/go-payment-system/pkg/api/payments/routes.go:58.50,62.3 3 0
github.com/edatts/go-payment-system/pkg/api/payments/routes.go:64.2,64.35 1 0
github.com/edatts/go-payment-system/pkg/api/payments/routes.go:64.36,67.3 0 0
github.com/edatts/go-payment-system/pkg/api/payments/routes.go:70.2,73.73 2 0
github.com/edatts/go-payment-system/pkg/api/payments/routes.go:73.73,76.3 2 0
github.com/edatts/go-payment-system/pkg/api/payments/routes.go:79.78,81.2 0 0
github.com/edatts/go-payment-system/pkg/api/payments/routes.go:83.73,85.2 0 0
github.com/edatts/go-payment-system/pkg/api/payments/store.go:15.40,19.2 1 0
github.com/edatts/go-payment-system/pkg/api/payments/store.go:21.57,24.2 1 0
github.com/edatts/go-payment-system/pkg/api/payments/store.go:26.89,30.38 3 0
github.com/edatts/go-payment-system/pkg/api/payments/store.go:30.38,32.3 1 0
github.com/edatts/go-payment-system/pkg/api/payments/store.go:34.2,34.17 1 0
github.com/edatts/go-payment-system/pkg/api/payments/store.go:37.67,40.2 1 0
github.com/edatts/go-payment-system/pkg/api/payments/store.go:42.76,45.2 1 0
github.com/edatts/go-payment-system/pkg/api/payments/store.go:47.53,50.2 1 0
github.com/edatts/go-payment-system/pkg/api/payments/store.go:52.59,55.2 1 0
github.com/edatts/go-payment-system/pkg/api/payments/store.go:57.64,60.2 1 0
github.com/edatts/go-payment-system/pkg/api/auth/errors.go:17.43,19.2 1 0
github.com/edatts/go-payment-system/pkg/api/auth/errors.go:21.46,23.2 1 1
github.com/edatts/go-payment-system/pkg/api/auth/errors.go:25.49,27.2 1 0
github.com/edatts/go-payment-system/pkg/api/auth/errors.go:29.52,31.2 1 1
github.com/edatts/go-payment-system/pkg/api/auth/errors.go:33.46,35.2 1 1
github.com/edatts/go-payment-system/pkg/api/auth/jwt.go:16.62,19.2 2 0
github.com/edatts/go-payment-system/pkg/api/auth/jwt.go:26.61,35.16 4 1
github.com/edatts/go-payment-system/pkg/api/auth/jwt.go:35.16,37.3 1 0
github.com/edatts/go-payment-system/pkg/api/auth/jwt.go:39.2,39.25 1 1
github.com/edatts/go-payment-system/pkg/api/auth/password.go:9.52,11.16 2 1
github.com/edatts/go-payment-system/pkg/api/auth/password.go:11.16,13.3 1 0
github.com/edatts/go-payment-system/pkg/api/auth/password.go:15.2,15.26 1 1
github.com/edatts/go-payment-system/pkg/api/auth/password.go:18.53,20.2 1 1
github.com/edatts/go-payment-system/pkg/api/auth/routes.go:22.49,26.2 1 1
github.com/edatts/go-payment-system/pkg/api/auth/routes.go:28.54,31.2 2 0
github.com/edatts/go-payment-system/pkg/api/auth/routes.go:33.77,37.69 2 1
github.com/edatts/go-payment-system/pkg/api/auth/routes.go:37.69,41.3 3 0
github.com/edatts/go-payment-system/pkg/api/auth/routes.go:44.2,44.63 1 1
github.com/edatts/go-payment-system/pkg/api/auth/routes.go:44.63,49.3 3 1
github.com/edatts/go-payment-system/pkg/api/auth/routes.go:54.2,55.61 2 1
github.com/edatts/go-payment-system/pkg/api/auth/routes.go:55.61,58.3 2 0
github.com/edatts/go-payment-system/pkg/api/auth/routes.go:60.2,60.55 1 1
github.com/edatts/go-payment-system/pkg/api/auth/routes.go:60.55,63.3 2 0
github.com/edatts/go-payment-system/pkg/api/auth/routes.go:65.2,65.36 1 1
github.com/edatts/go-payment-system/pkg/api/auth/routes.go:65.36,69.3 3 0
github.com/edatts/go-payment-system/pkg/api/auth/routes.go:71.2,72.16 2 1
github.com/edatts/go-payment-system/pkg/api/auth/routes.go:72.16,76.3 3 0
github.com/edatts/go-payment-system/pkg/api/auth/routes.go:78.2,86.49 2 1
github.com/edatts/go-payment-system/pkg/api/auth/routes.go:86.49,89.3 2 0
github.com/edatts/go-payment-system/pkg/api/auth/routes.go:91.2,91.69 1 1
github.com/edatts/go-payment-system/pkg/api/auth/routes.go:91.69,93.3 1 0
github.com/edatts/go-payment-system/pkg/api/auth/routes.go:97.74,101.62 2 1
github.com/edatts/go-payment-system/pkg/api/auth/routes.go:101.62,105.3 3 0
github.com/edatts/go-payment-system/pkg/api/auth/routes.go:108.2,108.56 1 1
github.com/edatts/go-payment-system/pkg/api/auth/routes.go:108.56,113.3 3 1
github.com/edatts/go-payment-system/pkg/api/auth/routes.go:115.2,119.9 2 1
github.com/edatts/go-payment-system/pkg/api/auth/routes.go:120.31,121.49 1 1
github.com/edatts/go-payment-system/pkg/api/auth/routes.go:122.28,123.53 1 1
github.com/edatts/go-payment-system/pkg/api/auth/routes.go:126.2,126.9 1 1
github.com/edatts/go-payment-system/pkg/api/auth/routes.go:127.64,129.9 2 1
github.com/edatts/go-payment-system/pkg/api/auth/routes.go:130.61,132.9 2 1
github.com/edatts/go-payment-system/pkg/api/auth/routes.go:133.18,136.9 3 0
github.com/edatts/go-payment-system/pkg/api/auth/routes.go:139.2,140.57 2 1
github.com/edatts/go-payment-system/pkg/api/auth/routes.go:140.57,143.3 2 1
github.com/edatts/go-payment-system/pkg/api/auth/routes.go:145.2,145.16 1 1
github.com/edatts/go-payment-system/pkg/api/auth/routes.go:145.16,149.3 3 0
github.com/edatts/go-payment-system/pkg/api/auth/routes.go:151.2,152.16 2 1
github.com/edatts/go-payment-system/pkg/api/auth/routes.go:152.16,156.3 3 0
github.com/edatts/go-payment-system/pkg/api/auth/routes.go:158.2,159.16 2 1
github.com/edatts/go-payment-system/pkg/api/auth/routes.go:159.16,163.3 3 0
github.com/edatts/go-payment-system/pkg/api/auth/routes.go:165.2,165.69 1 1
github.com/edatts/go-payment-system/pkg/api/auth/store.go:15.36,19.2 1 0
github.com/edatts/go-payment-system/pkg/api/auth/store.go:21.52,39.16 2 0
github.com/edatts/go-payment-system/pkg/api/auth/store.go:39.16,41.3 1 0
github.com/edatts/go-payment-system/pkg/api/auth/store.go:43.2,43.12 1 0
github.com/edatts/go-payment-system/pkg/api/auth/store.go:46.63,50.138 3 0
github.com/edatts/go-payment-system/pkg/api/auth/store.go:50.138,52.3 1 0
github.com/edatts/go-payment-system/pkg/api/auth/store.go:54.2,54.18 1 0
github.com/edatts/go-payment-system/pkg/api/auth/store.go:57.67,61.138 3 0
github.com/edatts/go-payment-system/pkg/api/auth/store.go:61.138,63.3 1 0
github.com/edatts/go-payment-system/pkg/api/auth/store.go:65.2,65.18 1 0
github.com/edatts/go-payment-system/pkg/api/auth/store.go:68.60,73.138 3 0
github.com/edatts/go-payment-system/pkg/api/auth/store.go:73.138,75.3 1 0
github.com/edatts/go-payment-system/pkg/api/auth/store.go:77.2,77.18 1 0
github.com/edatts/go-payment-system/pkg/config/config.go:22.13,34.27 2 1
github.com/edatts/go-payment-system/pkg/config/config.go:34.28,36.3 0 1
github.com/edatts/go-payment-system/pkg/config/config.go:47.41,49.2 1 0
github.com/edatts/go-payment-system/pkg/config/config.go:53.29,61.2 1 0
github.com/edatts/go-payment-system/pkg/config/config.go:73.56,74.45 1 1
github.com/edatts/go-payment-system/pkg/config/config.go:74.45,76.3 1 1
github.com/edatts/go-payment-system/pkg/config/config.go:77.2,77.14 1 0
github.com/edatts/go-payment-system/pkg/config/config.go:80.54,81.42 1 1
github.com/edatts/go-payment-system/pkg/config/config.go:81.42,83.17 2 0
github.com/edatts/go-payment-system/pkg/config/config.go:83.17,86.4 2 0
github.com/edatts/go-payment-system/pkg/config/config.go:88.3,88.15 1 0
github.com/edatts/go-payment-system/pkg/config/config.go:91.2,91.21 1 1
github.com/edatts/go-payment-system/pkg/utils/utils.go:13.54,14.21 1 1
github.com/edatts/go-payment-system/pkg/utils/utils.go:14.21,16.3 1 0
github.com/edatts/go-payment-system/pkg/utils/utils.go:18.2,18.60 1 1
github.com/edatts/go-payment-system/pkg/utils/utils.go:18.60,20.3 1 0
github.com/edatts/go-payment-system/pkg/utils/utils.go:22.2,22.12 1 1
github.com/edatts/go-payment-system/pkg/utils/utils.go:25.65,29.54 3 1
github.com/edatts/go-payment-system/pkg/utils/utils.go:29.54,31.3 1 0
github.com/edatts/go-payment-system/pkg/utils/utils.go:33.2,33.12 1 1
github.com/edatts/go-payment-system/pkg/utils/utils.go:36.53,38.2 1 0
github.com/edatts/go-payment-system/pkg/utils/utils.go:40.70,42.2 1 1
